<?xml version="1.0" encoding="UTF-8"?>
<!-- Generated by org.testng.reporters.JUnitReportReporter -->
<testsuite skipped="0" hostname="LAPTOP-BMDAD4Q2" name="testCases.BrandsMenu" tests="1" failures="0" timestamp="2023-05-25T14:51:26 IST" time="54.301" errors="0">
  <testcase name="tcoo1_addToCart" time="54.301" classname="testCases.BrandsMenu"/>
  <system-out/>
</testsuite> <!-- testCases.BrandsMenu -->
