<?xml version="1.0" encoding="UTF-8"?>
<!-- Generated by org.testng.reporters.JUnitReportReporter -->
<testsuite skipped="0" hostname="LAPTOP-BMDAD4Q2" name="testCases.LogIn_LogOut" tests="1" failures="0" timestamp="2023-05-25T14:54:01 IST" time="108.439" errors="0">
  <testcase name="finalLogin" time="108.439" classname="testCases.LogIn_LogOut"/>
  <system-out/>
</testsuite> <!-- testCases.LogIn_LogOut -->
