<?xml version="1.0" encoding="UTF-8"?>
<!-- Generated by org.testng.reporters.JUnitReportReporter -->
<testsuite skipped="0" hostname="LAPTOP-BMDAD4Q2" name="testCases.SignupTestcase" tests="1" failures="0" timestamp="2023-05-25T03:41:00 IST" time="40.184" errors="0">
  <testcase name="tc001_validSignUp" time="40.184" classname="testCases.SignupTestcase"/>
  <system-out/>
</testsuite> <!-- testCases.SignupTestcase -->
