<?xml version="1.0" encoding="UTF-8"?>
<!-- Generated by org.testng.reporters.JUnitReportReporter -->
<testsuite skipped="0" hostname="LAPTOP-BMDAD4Q2" name="Task.BrokenLinks" tests="1" failures="0" timestamp="2023-05-21T13:52:09 IST" time="8.356" errors="0">
  <testcase name="broken" time="8.356" classname="Task.BrokenLinks"/>
  <system-out/>
</testsuite> <!-- Task.BrokenLinks -->
