<?xml version="1.0" encoding="UTF-8"?>
<!-- Generated by org.testng.reporters.JUnitReportReporter -->
<testsuite skipped="0" hostname="LAPTOP-BMDAD4Q2" name="testCases.LoginTestCases" tests="1" failures="0" timestamp="2023-05-25T09:25:51 IST" time="30.421" errors="0">
  <testcase name="finalLogin" time="30.421" classname="testCases.LoginTestCases"/>
  <system-out/>
</testsuite> <!-- testCases.LoginTestCases -->
