<?xml version="1.0" encoding="UTF-8"?>
<!-- Generated by org.testng.reporters.JUnitReportReporter -->
<testsuite skipped="0" hostname="LAPTOP-BMDAD4Q2" name="testCases.ShopByDept" tests="1" failures="0" timestamp="2023-05-25T03:49:08 IST" time="66.317" errors="0">
  <testcase name="tcoo1_addToCart" time="66.317" classname="testCases.ShopByDept"/>
  <system-out/>
</testsuite> <!-- testCases.ShopByDept -->
