<?xml version="1.0" encoding="UTF-8"?>
<!-- Generated by org.testng.reporters.JUnitReportReporter -->
<testsuite skipped="0" hostname="LAPTOP-BMDAD4Q2" name="Task.SearchAdd" tests="1" failures="0" timestamp="2023-05-23T14:01:24 IST" time="84.124" errors="0">
  <testcase name="SerchforElement" time="84.124" classname="Task.SearchAdd"/>
  <system-out/>
</testsuite> <!-- Task.SearchAdd -->
