<?xml version="1.0" encoding="UTF-8"?>
<!-- Generated by org.testng.reporters.JUnitReportReporter -->
<testsuite skipped="0" hostname="LAPTOP-BMDAD4Q2" name="testCases.Open_navigate_Element" tests="1" failures="0" timestamp="2023-05-21T22:45:46 IST" time="27.905" errors="0">
  <testcase name="all_links" time="27.905" classname="testCases.Open_navigate_Element"/>
  <system-out/>
</testsuite> <!-- testCases.Open_navigate_Element -->
