<?xml version="1.0" encoding="UTF-8"?>
<!-- Generated by org.testng.reporters.JUnitReportReporter -->
<testsuite skipped="0" hostname="LAPTOP-BMDAD4Q2" name="testCases.BottonLinkTestCase" tests="1" failures="0" timestamp="2023-05-25T13:47:58 IST" time="42.081" errors="0">
  <testcase name="tcoo2_validateservices" time="42.081" classname="testCases.BottonLinkTestCase"/>
  <system-out/>
</testsuite> <!-- testCases.BottonLinkTestCase -->
