<?xml version="1.0" encoding="UTF-8"?>
<!-- Generated by org.testng.reporters.JUnitReportReporter -->
<testsuite skipped="0" hostname="LAPTOP-BMDAD4Q2" name="testCases.Open_navigate_TestCase" tests="1" failures="0" timestamp="2023-05-25T15:53:14 IST" time="43.535" errors="0">
  <testcase name="tc003" time="43.535" classname="testCases.Open_navigate_TestCase"/>
  <system-out/>
</testsuite> <!-- testCases.Open_navigate_TestCase -->
